<?xml version="1.0" encoding="UTF-8"?>
<testng-results ignored="0" total="1" passed="1" failed="0" skipped="0">
  <reporter-output>
  </reporter-output>
  <suite started-at="2020-05-28T04:19:00Z" name="Default suite" finished-at="2020-05-28T04:22:54Z" duration-ms="233640">
    <groups>
    </groups>
    <test started-at="2020-05-28T04:19:00Z" name="Default test" finished-at="2020-05-28T04:22:54Z" duration-ms="233640">
      <class name="com.goodreads.qa.test.LoginPageTest">
        <test-method is-config="true" signature="setUp()[pri:0, instance:com.goodreads.qa.test.LoginPageTest@48f278eb]" started-at="2020-05-28T09:49:00Z" name="setUp" finished-at="2020-05-28T09:49:36Z" duration-ms="36330" status="PASS">
          <reporter-output>
          </reporter-output>
        </test-method> <!-- setUp -->
        <test-method signature="loginPageTitleTest()[pri:0, instance:com.goodreads.qa.test.LoginPageTest@48f278eb]" started-at="2020-05-28T09:49:36Z" name="loginPageTitleTest" finished-at="2020-05-28T09:52:51Z" duration-ms="194648" status="PASS">
          <reporter-output>
          </reporter-output>
        </test-method> <!-- loginPageTitleTest -->
        <test-method is-config="true" signature="teardown()[pri:0, instance:com.goodreads.qa.test.LoginPageTest@48f278eb]" started-at="2020-05-28T09:52:51Z" name="teardown" finished-at="2020-05-28T09:52:54Z" duration-ms="2606" status="PASS">
          <reporter-output>
          </reporter-output>
        </test-method> <!-- teardown -->
      </class> <!-- com.goodreads.qa.test.LoginPageTest -->
    </test> <!-- Default test -->
  </suite> <!-- Default suite -->
</testng-results>
