<?xml version="1.0" encoding="UTF-8"?>
<testng-results ignored="0" total="1" passed="1" failed="0" skipped="0">
  <reporter-output>
  </reporter-output>
  <suite started-at="2020-05-28T08:54:13Z" name="Default suite" finished-at="2020-05-28T08:55:37Z" duration-ms="83840">
    <groups>
    </groups>
    <test started-at="2020-05-28T08:54:13Z" name="Default test" finished-at="2020-05-28T08:55:37Z" duration-ms="83840">
      <class name="com.goodreads.qa.test.AssignmentTest">
        <test-method is-config="true" signature="setUp()[pri:0, instance:com.goodreads.qa.test.AssignmentTest@2638011]" started-at="2020-05-28T14:24:13Z" name="setUp" finished-at="2020-05-28T14:24:29Z" duration-ms="16152" status="PASS">
          <reporter-output>
          </reporter-output>
        </test-method> <!-- setUp -->
        <test-method signature="loginPageTitleTest()[pri:0, instance:com.goodreads.qa.test.AssignmentTest@2638011]" started-at="2020-05-28T14:24:29Z" name="loginPageTitleTest" finished-at="2020-05-28T14:25:35Z" duration-ms="65766" status="PASS">
          <reporter-output>
          </reporter-output>
        </test-method> <!-- loginPageTitleTest -->
        <test-method is-config="true" signature="teardown()[pri:0, instance:com.goodreads.qa.test.AssignmentTest@2638011]" started-at="2020-05-28T14:25:35Z" name="teardown" finished-at="2020-05-28T14:25:37Z" duration-ms="1847" status="PASS">
          <reporter-output>
          </reporter-output>
        </test-method> <!-- teardown -->
      </class> <!-- com.goodreads.qa.test.AssignmentTest -->
    </test> <!-- Default test -->
  </suite> <!-- Default suite -->
</testng-results>
